0 info it worked if it ends with ok
1 verbose cli [ 'node', '/usr/local/bin/npm', 'install', 'node-LDAP' ]
2 info using npm@1.1.59
3 info using node@v0.8.8
4 verbose read json /Users/marvin/NodeJS/Lanedator/package.json
5 warn package.json Lanedator@0.0.1 No README.md file found!
6 verbose read json /Users/marvin/NodeJS/Lanedator/node_modules/express/package.json
7 verbose read json /Users/marvin/NodeJS/Lanedator/node_modules/jade/package.json
8 verbose read json /Users/marvin/NodeJS/Lanedator/node_modules/ldapjs/package.json
9 verbose read json /Users/marvin/NodeJS/Lanedator/node_modules/mongoose/package.json
10 verbose read json /Users/marvin/NodeJS/Lanedator/node_modules/npm-debug.log/package.json
11 verbose from cache /Users/marvin/NodeJS/Lanedator/package.json
12 verbose readDependencies using package.json deps
13 verbose cache add [ 'node-LDAP', null ]
14 silly cache add name=undefined spec="node-LDAP" args=["node-LDAP",null]
15 verbose parsed url { pathname: 'node-LDAP', path: 'node-LDAP', href: 'node-LDAP' }
16 silly lockFile 26c1731c-node-LDAP node-LDAP
17 verbose lock node-LDAP /Users/marvin/.npm/26c1731c-node-LDAP.lock
18 silly lockFile 26c1731c-node-LDAP node-LDAP
19 verbose addNamed [ 'node-LDAP', '' ]
20 verbose addNamed [ null, '' ]
21 silly lockFile c3142839-node-LDAP node-LDAP@
22 verbose lock node-LDAP@ /Users/marvin/.npm/c3142839-node-LDAP.lock
23 silly addNameRange { name: 'node-LDAP', range: '', hasData: false }
24 verbose url raw node-LDAP
25 verbose url resolving [ 'https://registry.npmjs.org/', './node-LDAP' ]
26 verbose url resolved https://registry.npmjs.org/node-LDAP
27 info retry registry request attempt 1 at 09:45:06
28 http GET https://registry.npmjs.org/node-LDAP
29 http 404 https://registry.npmjs.org/node-LDAP
30 silly registry.get cb [ 404,
30 silly registry.get   { server: 'CouchDB/1.2.0 (Erlang OTP/R15B)',
30 silly registry.get     date: 'Tue, 30 Oct 2012 08:44:51 GMT',
30 silly registry.get     'content-type': 'application/json',
30 silly registry.get     'content-length': '52',
30 silly registry.get     'cache-control': 'must-revalidate' } ]
31 silly lockFile c3142839-node-LDAP node-LDAP@
32 error 404 'node-LDAP' is not in the npm registry.
32 error 404 You should bug the author to publish it
32 error 404
32 error 404 Maybe try 'npm search     '
32 error 404
32 error 404 Note that you can also install from a
32 error 404 tarball, folder, or http url, or git url.
33 error System Darwin 12.2.0
34 error command "node" "/usr/local/bin/npm" "install" "node-LDAP"
35 error cwd /Users/marvin/NodeJS/Lanedator
36 error node -v v0.8.8
37 error npm -v 1.1.59
38 error code E404
39 verbose exit [ 1, true ]
